app/build/intermediates/manifest_merge_blame_file/debug/manifest-merger-blame-debug-report.txt
1<?xml version="1.0" encoding="utf-8"?>
2<manifest xmlns:android="http://schemas.android.com/apk/res/android"
3    package="com.example.doctors"
4    android:versionCode="1"
5    android:versionName="1.0.0" >
6
7    <uses-sdk
8        android:minSdkVersion="23"
8-->src\main\AndroidManifest.xml
9        android:targetSdkVersion="28" />
9-->src\main\AndroidManifest.xml
10
11    <uses-permission android:name="android.permission.INTERNET" />
11-->src\main\AndroidManifest.xml:5:5-67
11-->src\main\AndroidManifest.xml:5:22-64
12    <uses-permission android:name="android.permission.ACCESS_NETWORK_STATE" />
12-->src\main\AndroidManifest.xml:6:5-79
12-->src\main\AndroidManifest.xml:6:22-76
13
14    <application
14-->src\main\AndroidManifest.xml:8:5-29:19
15        android:name="com.example.doctors.MyApplication"
15-->src\main\AndroidManifest.xml:9:13-41
16        android:allowBackup="true"
16-->src\main\AndroidManifest.xml:10:13-39
17        android:appComponentFactory="androidx.core.app.CoreComponentFactory"
17-->[androidx.core:core:1.1.0-rc02] AndroidManifest.xml:24:18-86
18        android:debuggable="true"
19        android:icon="@mipmap/ic_code_challenge"
19-->src\main\AndroidManifest.xml:11:13-53
20        android:label="@string/app_name"
20-->src\main\AndroidManifest.xml:12:13-45
21        android:roundIcon="@mipmap/ic_launcher_round"
21-->src\main\AndroidManifest.xml:13:13-58
22        android:supportsRtl="true"
22-->src\main\AndroidManifest.xml:14:13-39
23        android:testOnly="true"
24        android:theme="@style/AppTheme" >
24-->src\main\AndroidManifest.xml:15:13-44
25        <activity android:name="com.example.doctors.ui.doctors.DoctorsActivity" >
25-->src\main\AndroidManifest.xml:16:9-18:20
25-->src\main\AndroidManifest.xml:16:19-61
26        </activity>
27        <activity
27-->src\main\AndroidManifest.xml:19:9-28:20
28            android:name="com.example.doctors.ui.login.LoginActivity"
28-->src\main\AndroidManifest.xml:20:17-55
29            android:label="@string/app_name"
29-->src\main\AndroidManifest.xml:21:17-49
30            android:theme="@style/AppTheme.NoActionBar" >
30-->src\main\AndroidManifest.xml:22:17-60
31            <intent-filter>
31-->src\main\AndroidManifest.xml:23:13-27:29
32                <action android:name="android.intent.action.MAIN" />
32-->src\main\AndroidManifest.xml:24:17-69
32-->src\main\AndroidManifest.xml:24:25-66
33
34                <category android:name="android.intent.category.LAUNCHER" />
34-->src\main\AndroidManifest.xml:26:17-77
34-->src\main\AndroidManifest.xml:26:27-74
35            </intent-filter>
36        </activity>
37
38        <provider
38-->[com.squareup.picasso:picasso:2.71828] AndroidManifest.xml:8:9-11:40
39            android:name="com.squareup.picasso.PicassoProvider"
39-->[com.squareup.picasso:picasso:2.71828] AndroidManifest.xml:9:13-64
40            android:authorities="com.example.doctors.com.squareup.picasso"
40-->[com.squareup.picasso:picasso:2.71828] AndroidManifest.xml:10:13-72
41            android:exported="false" />
41-->[com.squareup.picasso:picasso:2.71828] AndroidManifest.xml:11:13-37
42    </application>
43
44</manifest>